<?xml version="1.0" encoding="UTF-8"?>
<!-- Generated by org.testng.reporters.JUnitReportReporter -->
<testsuite hostname="Sharath" failures="0" tests="2" name="day01_12032024.Annotations" time="0.008" errors="0" timestamp="2024-04-12T20:43:33 IST" skipped="0">
  <testcase classname="day01_12032024.Annotations" name="Test1" time="0.007"/>
  <system-out/>
  <testcase classname="day01_12032024.Annotations" name="Test2" time="0.001"/>
  <system-out/>
</testsuite> <!-- day01_12032024.Annotations -->
