<?xml version="1.0" encoding="UTF-8"?>
<!-- Generated by org.testng.reporters.JUnitReportReporter -->
<testsuite hostname="Sharath" failures="0" tests="1" name="AutomationExercise.POM" time="60.188" errors="0" timestamp="2024-05-31T23:07:44 IST" skipped="0">
  <testcase classname="AutomationExercise.POM" name="calling_POM" time="60.188"/>
  <system-out/>
</testsuite> <!-- AutomationExercise.POM -->
