<?xml version="1.0" encoding="UTF-8"?>
<!-- Generated by org.testng.reporters.JUnitReportReporter -->
<testsuite hostname="Sharath" failures="0" tests="1" name="projectexmaplepackages.automationexcerice" time="4.022" errors="0" timestamp="2024-05-25T14:33:32 IST" skipped="0">
  <testcase classname="projectexmaplepackages.automationexcerice" name="login" time="4.022"/>
  <system-out/>
</testsuite> <!-- projectexmaplepackages.automationexcerice -->
