<?xml version="1.0" encoding="UTF-8"?>
<!-- Generated by org.testng.reporters.JUnitReportReporter -->
<testsuite hostname="Sharath" failures="0" tests="2" name="day01_12032024.dependencyDemo" time="3.293" errors="0" timestamp="2024-04-10T22:07:58 IST" skipped="0">
  <testcase classname="day01_12032024.dependencyDemo" name="Setup" time="1.911"/>
  <system-out/>
  <testcase classname="day01_12032024.dependencyDemo" name="login" time="1.382"/>
  <system-out/>
</testsuite> <!-- day01_12032024.dependencyDemo -->
