<?xml version="1.0" encoding="UTF-8"?>
<!-- Generated by org.testng.reporters.JUnitReportReporter -->
<testsuite hostname="Sharath" failures="0" tests="1" name="day01_12032024.River" time="3.650" errors="0" timestamp="2024-04-10T22:07:58 IST" skipped="0">
  <testcase classname="day01_12032024.River" name="Setup" time="3.650"/>
  <system-out/>
</testsuite> <!-- day01_12032024.River -->
