<?xml version="1.0" encoding="UTF-8"?>
<!-- Generated by org.testng.reporters.JUnitReportReporter -->
<testsuite hostname="Sharath" failures="0" tests="3" name="day01_12032024.orangehrmforTestNG" time="4.176" errors="0" timestamp="2024-04-09T16:06:10 IST" skipped="0">
  <testcase classname="day01_12032024.orangehrmforTestNG" name="login" time="2.287"/>
  <system-out/>
  <testcase classname="day01_12032024.orangehrmforTestNG" name="verifypage" time="0.510"/>
  <system-out/>
  <testcase classname="day01_12032024.orangehrmforTestNG" name="logout" time="1.379"/>
  <system-out/>
</testsuite> <!-- day01_12032024.orangehrmforTestNG -->
