<?xml version="1.0" encoding="UTF-8"?>
<!-- Generated by org.testng.reporters.JUnitReportReporter -->
<testsuite hostname="Sharath" failures="0" tests="5" name="day01_12032024.GroupsDemo" time="0.015" errors="0" timestamp="2024-04-10T22:36:00 IST" skipped="0">
  <testcase classname="day01_12032024.GroupsDemo" name="test5" time="0.001"/>
  <system-out/>
  <testcase classname="day01_12032024.GroupsDemo" name="test1" time="0.009"/>
  <system-out/>
  <testcase classname="day01_12032024.GroupsDemo" name="test2" time="0.002"/>
  <system-out/>
  <testcase classname="day01_12032024.GroupsDemo" name="test3" time="0.001"/>
  <system-out/>
  <testcase classname="day01_12032024.GroupsDemo" name="test4" time="0.002"/>
  <system-out/>
</testsuite> <!-- day01_12032024.GroupsDemo -->
