<?xml version="1.0" encoding="UTF-8"?>
<!-- Generated by org.testng.reporters.JUnitReportReporter -->
<testsuite hostname="Sharath" failures="0" tests="1" name="seleniumassign3.Assignment2" time="1.501" errors="0" timestamp="2024-04-12T21:55:13 IST" skipped="0">
  <testcase classname="seleniumassign3.Assignment2" name="userdetails" time="1.501"/>
  <system-out/>
</testsuite> <!-- seleniumassign3.Assignment2 -->
