<?xml version="1.0" encoding="UTF-8"?>
<!-- Generated by org.testng.reporters.JUnitReportReporter -->
<testsuite hostname="Sharath" failures="0" tests="1" name="Project1.POM_Calling" time="165.130" errors="0" timestamp="2024-05-17T15:03:12 IST" skipped="0">
  <testcase classname="Project1.POM_Calling" name="Callingobjects" time="165.130"/>
  <system-out/>
</testsuite> <!-- Project1.POM_Calling -->
