<?xml version="1.0" encoding="UTF-8"?>
<!-- Generated by org.testng.reporters.JUnitReportReporter -->
<testsuite hostname="Sharath" failures="0" tests="16" name="SauceDemoProject.Project" time="39.444" errors="0" timestamp="2024-06-17T22:26:41 IST" skipped="0">
  <testcase classname="SauceDemoProject.Project" name="VerifyLoginpage" time="0.015"/>
  <system-out/>
  <testcase classname="SauceDemoProject.Project" name="loginwith_Invaliddetails" time="0.828"/>
  <system-out/>
  <testcase classname="SauceDemoProject.Project" name="Loginwith_Validdetails" time="2.157"/>
  <system-out/>
  <testcase classname="SauceDemoProject.Project" name="VerifyHomepage" time="0.056"/>
  <system-out/>
  <testcase classname="SauceDemoProject.Project" name="verifyproductdetail" time="0.255"/>
  <system-out/>
  <testcase classname="SauceDemoProject.Project" name="AddtoCart" time="2.540"/>
  <system-out/>
  <testcase classname="SauceDemoProject.Project" name="RemoveProduct_fromCart" time="5.513"/>
  <system-out/>
  <testcase classname="SauceDemoProject.Project" name="Addextraproducts_tocart" time="0.418"/>
  <system-out/>
  <testcase classname="SauceDemoProject.Project" name="Checkout" time="0.733"/>
  <system-out/>
  <testcase classname="SauceDemoProject.Project" name="Checkout_overview" time="0.504"/>
  <system-out/>
  <testcase classname="SauceDemoProject.Project" name="Orderconfirmation" time="0.123"/>
  <system-out/>
  <testcase classname="SauceDemoProject.Project" name="SidemenuBarmenu" time="12.271"/>
  <system-out/>
  <testcase classname="SauceDemoProject.Project" name="FilterOpitons" time="6.582"/>
  <system-out/>
  <testcase classname="SauceDemoProject.Project" name="FooterSepcifications" time="0.037"/>
  <system-out/>
  <testcase classname="SauceDemoProject.Project" name="ScrollUpandDown" time="2.029"/>
  <system-out/>
  <testcase classname="SauceDemoProject.Project" name="Logout" time="5.383"/>
  <system-out/>
</testsuite> <!-- SauceDemoProject.Project -->
