<?xml version="1.0" encoding="UTF-8"?>
<!-- Generated by org.testng.reporters.JUnitReportReporter -->
<testsuite hostname="Sharath" failures="0" tests="1" name="Project1.POM_Calling" time="200.936" errors="0" timestamp="2024-05-21T00:46:38 IST" skipped="0">
  <testcase classname="Project1.POM_Calling" name="Callingobjects" time="200.936"/>
  <system-out/>
</testsuite> <!-- Project1.POM_Calling -->
