<?xml version="1.0" encoding="UTF-8"?>
<!-- Generated by org.testng.reporters.JUnitReportReporter -->
<testsuite hostname="Sharath" failures="0" tests="3" name="seleniumassign3.Assignment3" time="11.178" errors="0" timestamp="2024-04-17T22:40:24 IST" skipped="0">
  <testcase classname="seleniumassign3.Assignment3" name="test3" time="0.525"/>
  <system-out/>
  <testcase classname="seleniumassign3.Assignment3" name="test2" time="7.339"/>
  <system-out/>
  <testcase classname="seleniumassign3.Assignment3" name="test1" time="3.314"/>
  <system-out/>
</testsuite> <!-- seleniumassign3.Assignment3 -->
