<?xml version="1.0" encoding="UTF-8"?>
<!-- Generated by org.testng.reporters.JUnitReportReporter -->
<testsuite hostname="Sharath" failures="0" tests="1" name="seleniumassign3.Assignment1" time="2.030" errors="0" timestamp="2024-04-12T20:45:18 IST" skipped="0">
  <testcase classname="seleniumassign3.Assignment1" name="userdetails" time="2.030"/>
  <system-out/>
</testsuite> <!-- seleniumassign3.Assignment1 -->
